https://civitai.com/api/download/models/713385
https://civitai.com/api/download/models/867564
https://civitai.com/api/download/models/1247362
https://civitai.com/api/download/models/1387169
https://civitai.com/api/download/models/1171942
https://civitai.com/api/download/models/897489
https://civitai.com/api/download/models/1305680
https://civitai.com/api/download/models/1133889
https://civitai.com/api/download/models/752959
https://civitai.com/api/download/models/1204289
https://civitai.com/api/download/models/807911
https://civitai.com/api/download/models/791130
https://civitai.com/api/download/models/1014583
https://civitai.com/api/download/models/1205317
https://civitai.com/api/download/models/1326315
https://civitai.com/api/download/models/811723
https://civitai.com/api/download/models/1213097
https://civitai.com/models/2389
https://civitai.com/models/2389?modelVersionId=2628
https://civitai.com/models/3748
https://civitai.com/models/3748?modelVersionId=4163
https://civitai.com/models/4591
https://civitai.com/models/4591?modelVersionId=5232
https://civitai.com/models/190982
https://civitai.com/models/190982?modelVersionId=214493
https://civitai.com/models/1052485
https://civitai.com/models/1052485?modelVersionId=1180973
https://civitai.com/models/992378
https://civitai.com/models/992378?modelVersionId=1111838
https://civitai.com/models/565749
https://civitai.com/models/565749?modelVersionId=1060748
https://civitai.com/models/870948
https://civitai.com/models/870948?modelVersionId=1213097
https://civitai.com/models/637170
https://civitai.com/models/637170?modelVersionId=713385
https://civitai.com/models/672618
https://civitai.com/models/672618?modelVersionId=752959
https://civitai.com/models/704801
https://civitai.com/models/704801?modelVersionId=811723
https://civitai.com/models/847101
https://civitai.com/models/847101?modelVersionId=1305680
https://civitai.com/models/778691
https://civitai.com/models/778691?modelVersionId=1205317
https://civitai.com/models/784552
https://civitai.com/models/784552?modelVersionId=1133889
https://civitai.com/models/686814
https://civitai.com/models/686814?modelVersionId=1355240
https://civitai.com/models/646411
https://civitai.com/models/646411?modelVersionId=981456
https://civitai.com/models/618792
https://civitai.com/models/618792?modelVersionId=1326315
https://civitai.com/models/958009
https://civitai.com/models/958009?modelVersionId=1171942
https://civitai.com/models/906664
https://civitai.com/models/906664?modelVersionId=1014583
https://civitai.com/models/620000
https://civitai.com/models/620000?modelVersionId=791130
https://civitai.com/models/1072833
https://civitai.com/models/1072833?modelVersionId=1204289
https://civitai.com/models/646328
https://civitai.com/models/646328?modelVersionId=1131955
https://civitai.com/models/684646
https://civitai.com/models/684646?modelVersionId=867564
https://civitai.com/models/1110156
https://civitai.com/models/1110156?modelVersionId=1247362
https://civitai.com/models/207101
https://civitai.com/models/207101?modelVersionId=897489
https://civitai.com/models/1018217
https://civitai.com/models/1018217?modelVersionId=1177017
https://civitai.com/models/1055452
https://civitai.com/models/1055452?modelVersionId=1368386
https://civitai.com/models/1134825
https://civitai.com/models/1134825?modelVersionId=1275906
https://civitai.com/models/131986
https://civitai.com/models/131986?modelVersionId=1082124
https://civitai.com/models/982991
https://civitai.com/models/982991?modelVersionId=1101073
https://civitai.com/models/941345
https://civitai.com/models/941345?modelVersionId=1053830
https://civitai.com/models/1025051
https://civitai.com/models/1025051?modelVersionId=1227906
https://civitai.com/models/999355
https://civitai.com/models/999355?modelVersionId=1119939
https://civitai.com/models/904669
https://civitai.com/models/904669?modelVersionId=1039764
https://civitai.com/models/24149
https://civitai.com/models/24149?modelVersionId=1151831
https://civitai.com/models/24149
https://civitai.com/models/24149?modelVersionId=1151831
https://civitai.com/models/1092407
https://civitai.com/models/1092407?modelVersionId=1226943
https://civitai.com/models/1191333
https://civitai.com/models/1191333?modelVersionId=1341296
https://civitai.com/models/926443
https://civitai.com/models/926443?modelVersionId=1166878
https://civitai.com/models/926443
https://civitai.com/models/926443?modelVersionId=1166878
https://civitai.com/models/376130
https://civitai.com/models/376130?modelVersionId=1225516
https://civitai.com/models/376130
https://civitai.com/models/376130?modelVersionId=1161182
https://civitai.com/models/1052485
https://civitai.com/models/1052485?modelVersionId=1180973
https://civitai.com/models/1135451
https://civitai.com/models/1135451?modelVersionId=1276630
https://civitai.com/models/992378
https://civitai.com/models/992378?modelVersionId=1111838
https://civitai.com/models/974693
https://civitai.com/models/974693?modelVersionId=1291468
https://civitai.com/models/974693
https://civitai.com/models/974693?modelVersionId=1279713
https://civitai.com/models/18927
https://civitai.com/models/18927?modelVersionId=1178193
https://civitai.com/models/1037883
https://civitai.com/models/1037883?modelVersionId=1178711
https://civitai.com/models/827184
https://civitai.com/models/827184?modelVersionId=1367422
https://civitai.com/models/827184
https://civitai.com/models/827184?modelVersionId=1283437
https://civitai.com/models/989367
https://civitai.com/models/989367?modelVersionId=1202076
https://civitai.com/models/1076927
https://civitai.com/models/1076927?modelVersionId=1255174
https://civitai.com/models/994401
https://civitai.com/models/994401?modelVersionId=1294629
https://civitai.com/models/613147
https://civitai.com/models/613147?modelVersionId=1030750
https://civitai.com/models/631811
https://civitai.com/models/631811?modelVersionId=966130
https://civitai.com/models/288584
https://civitai.com/models/288584?modelVersionId=324524
https://civitai.com/models/288584
https://civitai.com/models/288584?modelVersionId=324619
https://civitai.com/models/2220
https://civitai.com/models/2220?modelVersionId=1349845
https://civitai.com/models/174687
https://civitai.com/models/174687?modelVersionId=1146820
https://civitai.com/models/174687
https://civitai.com/models/174687?modelVersionId=1146884
https://civitai.com/models/458760
https://civitai.com/models/458760?modelVersionId=973878
https://civitai.com/models/458760
https://civitai.com/models/458760?modelVersionId=827692
https://civitai.com/models/600429
https://civitai.com/models/600429?modelVersionId=876564
https://civitai.com/models/443821
https://civitai.com/models/443821?modelVersionId=1177183
https://civitai.com/models/466145
https://civitai.com/models/466145?modelVersionId=614228
https://civitai.com/models/136054
https://civitai.com/models/136054?modelVersionId=1256295
https://civitai.com/models/314404
https://civitai.com/models/314404?modelVersionId=712408
https://civitai.com/models/717882
https://civitai.com/models/717882?modelVersionId=833340
https://civitai.com/models/348302
https://civitai.com/models/348302?modelVersionId=389670
https://civitai.com/models/442163
https://civitai.com/models/442163?modelVersionId=938513
https://civitai.com/models/24149
https://civitai.com/models/24149?modelVersionId=692489
https://civitai.com/models/319650
https://civitai.com/models/319650?modelVersionId=689888
https://civitai.com/models/324431
https://civitai.com/models/324431?modelVersionId=1236553
https://civitai.com/models/315596
https://civitai.com/models/315596?modelVersionId=450146
https://civitai.com/models/257749
https://civitai.com/models/257749?modelVersionId=290640
https://civitai.com/models/1148756
https://civitai.com/models/1148756?modelVersionId=1292345
https://civitai.com/models/439889
https://civitai.com/models/439889?modelVersionId=828380
https://civitai.com/models/439889
https://civitai.com/models/439889?modelVersionId=1199750
https://civitai.com/models/166609
https://civitai.com/models/166609?modelVersionId=992946
https://civitai.com/models/166609
https://civitai.com/models/166609?modelVersionId=992946
https://civitai.com/models/996495
https://civitai.com/models/996495?modelVersionId=1116628
https://civitai.com/models/1144717
https://civitai.com/models/1144717?modelVersionId=1287502
https://civitai.com/models/522596
https://civitai.com/models/522596?modelVersionId=580625
https://civitai.com/models/553648
https://civitai.com/models/553648?modelVersionId=952743
https://civitai.com/models/404154
https://civitai.com/models/404154?modelVersionId=1177000
https://civitai.com/models/404154
https://civitai.com/models/404154?modelVersionId=1295881
https://civitai.com/models/440170
https://civitai.com/models/440170?modelVersionId=788376
https://civitai.com/models/875816
https://civitai.com/models/875816?modelVersionId=980452
https://civitai.com/models/393905
https://civitai.com/models/393905?modelVersionId=868204
https://civitai.com/models/469902
https://civitai.com/models/469902?modelVersionId=1204803
https://civitai.com/models/617553
https://civitai.com/models/617553?modelVersionId=816062
https://civitai.com/models/448716
https://civitai.com/models/448716?modelVersionId=513252
https://civitai.com/models/448716
https://civitai.com/models/448716?modelVersionId=920368
https://civitai.com/models/448716
https://civitai.com/models/448716?modelVersionId=1161495
https://civitai.com/models/226533
https://civitai.com/models/226533?modelVersionId=1150354
https://civitai.com/models/175874
https://civitai.com/models/175874?modelVersionId=272014
https://civitai.com/models/612233
https://civitai.com/models/612233?modelVersionId=686789
https://civitai.com/models/118086
https://civitai.com/models/118086?modelVersionId=128046
https://civitai.com/models/20981
https://civitai.com/models/20981?modelVersionId=25198
https://civitai.com/models/84586
https://civitai.com/models/84586?modelVersionId=89927
https://civitai.com/models/229131
https://civitai.com/models/229131?modelVersionId=258593
https://civitai.com/models/168949
https://civitai.com/models/168949?modelVersionId=270440
https://civitai.com/models/84476
https://civitai.com/models/84476?modelVersionId=624939
https://civitai.com/models/81458
https://civitai.com/models/81458?modelVersionId=132760
https://civitai.com/models/4451
https://civitai.com/models/4451?modelVersionId=5038
https://civitai.com/models/4449
https://civitai.com/models/4449?modelVersionId=5036
https://civitai.com/models/4437
https://civitai.com/models/4437?modelVersionId=5021
https://civitai.com/models/34553
https://civitai.com/models/34553?modelVersionId=420724
https://civitai.com/models/56275
https://civitai.com/models/56275?modelVersionId=62799
https://civitai.com/models/5706
https://civitai.com/models/5706?modelVersionId=41233
https://civitai.com/models/4855
https://civitai.com/models/4855?modelVersionId=5581
https://civitai.com/models/167537
https://civitai.com/models/167537?modelVersionId=288911
https://civitai.com/models/38754
https://civitai.com/models/38754?modelVersionId=44686
https://civitai.com/models/559838
https://civitai.com/models/559838?modelVersionId=1332734
https://civitai.com/models/47082
https://civitai.com/models/47082?modelVersionId=70887
https://civitai.com/models/101932
https://civitai.com/models/101932?modelVersionId=128200
https://civitai.com/models/44219
https://civitai.com/models/44219?modelVersionId=161429
https://civitai.com/models/44315
https://civitai.com/models/44315?modelVersionId=48949
https://civitai.com/models/25399
https://civitai.com/models/25399?modelVersionId=43825
https://civitai.com/models/5062
https://civitai.com/models/5062?modelVersionId=142125
https://civitai.com/models/7279
https://civitai.com/models/7279?modelVersionId=299029
https://civitai.com/models/4669
https://civitai.com/models/4669?modelVersionId=6878
https://civitai.com/models/48671
https://civitai.com/models/48671?modelVersionId=141866
https://civitai.com/models/24779
https://civitai.com/models/24779?modelVersionId=93208
https://civitai.com/models/24779
https://civitai.com/models/24779?modelVersionId=56071
https://civitai.com/models/227126
https://civitai.com/models/227126?modelVersionId=256209
https://civitai.com/models/105573
https://civitai.com/models/105573?modelVersionId=113269
https://civitai.com/models/4384
https://civitai.com/models/4384?modelVersionId=128713
https://civitai.com/models/17427
https://civitai.com/models/17427?modelVersionId=361779
https://civitai.com/models/38795
https://civitai.com/models/38795?modelVersionId=91001
https://civitai.com/models/17138
https://civitai.com/models/17138?modelVersionId=138458
https://civitai.com/models/53761
https://civitai.com/models/53761?modelVersionId=285757
https://civitai.com/models/641184
https://civitai.com/models/641184?modelVersionId=717122
https://civitai.com/models/10961
https://civitai.com/models/10961?modelVersionId=300972
https://civitai.com/models/18798
https://civitai.com/models/18798?modelVersionId=589833
https://civitai.com/models/22073
https://civitai.com/models/22073?modelVersionId=26354
https://civitai.com/models/22073
https://civitai.com/models/22073?modelVersionId=26354
https://civitai.com/models/24149
https://civitai.com/models/24149?modelVersionId=348981
https://civitai.com/models/88536
https://civitai.com/models/88536?modelVersionId=98258
https://civitai.com/models/36538
https://civitai.com/models/36538?modelVersionId=265285
https://civitai.com/models/95360
https://civitai.com/models/95360?modelVersionId=306604
https://civitai.com/models/12048
https://civitai.com/models/12048?modelVersionId=108667
https://civitai.com/models/8281
https://civitai.com/models/8281?modelVersionId=179446
https://civitai.com/models/97373
https://civitai.com/models/97373?modelVersionId=247213
https://civitai.com/models/84728
https://civitai.com/models/84728?modelVersionId=90072
https://civitai.com/models/125595
https://civitai.com/models/125595?modelVersionId=150938
https://civitai.com/models/7371
https://civitai.com/models/7371?modelVersionId=425083
https://civitai.com/models/121928
https://civitai.com/models/121928?modelVersionId=310771
https://civitai.com/models/107289
https://civitai.com/models/107289?modelVersionId=805914
https://civitai.com/models/97744
https://civitai.com/models/97744?modelVersionId=671503
https://civitai.com/models/166609
https://civitai.com/models/166609?modelVersionId=1223643
https://civitai.com/models/166609
https://civitai.com/models/166609?modelVersionId=1234938
https://civitai.com/models/4201
https://civitai.com/models/4201?modelVersionId=501240
https://civitai.com/models/52548
https://civitai.com/models/52548?modelVersionId=220703
https://civitai.com/models/976600
https://civitai.com/models/976600?modelVersionId=1261317
https://civitai.com/models/85909
https://civitai.com/models/85909?modelVersionId=91337
https://civitai.com/models/114653
https://civitai.com/models/114653?modelVersionId=123960
https://civitai.com/models/135440
https://civitai.com/models/135440?modelVersionId=149292
https://civitai.com/models/25694
https://civitai.com/models/25694?modelVersionId=143906
https://civitai.com/models/25694
https://civitai.com/models/25694?modelVersionId=160989
https://civitai.com/models/25694
https://civitai.com/models/25694?modelVersionId=134361
https://civitai.com/models/25694
https://civitai.com/models/25694?modelVersionId=134065
https://civitai.com/models/15509
https://civitai.com/models/15509?modelVersionId=18295
https://civitai.com/models/175874
https://civitai.com/models/175874?modelVersionId=272014
https://civitai.com/models/269232
https://civitai.com/models/269232?modelVersionId=303526
https://civitai.com/models/140737
https://civitai.com/models/140737?modelVersionId=1041855
https://civitai.com/models/260267
https://civitai.com/models/260267?modelVersionId=403131
https://civitai.com/models/129403
https://civitai.com/models/129403?modelVersionId=259194
https://civitai.com/models/413466
https://civitai.com/models/413466?modelVersionId=488645
https://civitai.com/models/341261
https://civitai.com/models/341261?modelVersionId=389331
https://civitai.com/models/388913
https://civitai.com/models/388913?modelVersionId=463607
https://civitai.com/models/312530
https://civitai.com/models/312530?modelVersionId=1198781
https://civitai.com/models/112902
https://civitai.com/models/112902?modelVersionId=351306
https://civitai.com/models/132007
https://civitai.com/models/132007?modelVersionId=145154
https://civitai.com/models/138630
https://civitai.com/models/138630?modelVersionId=776285
https://civitai.com/models/133005
https://civitai.com/models/133005?modelVersionId=920957
https://civitai.com/models/133005
https://civitai.com/models/133005?modelVersionId=782002
https://civitai.com/models/573152
https://civitai.com/models/573152?modelVersionId=1094291
https://civitai.com/models/380078
https://civitai.com/models/380078?modelVersionId=424334
https://civitai.com/models/833294
https://civitai.com/models/833294?modelVersionId=1190596
https://civitai.com/models/82543
https://civitai.com/models/82543?modelVersionId=1308957
https://civitai.com/models/125907
https://civitai.com/models/125907?modelVersionId=686204
https://civitai.com/models/166609
https://civitai.com/models/166609?modelVersionId=1075446
https://civitai.com/models/388607
https://civitai.com/models/388607?modelVersionId=475568
https://civitai.com/models/101055
https://civitai.com/models/101055?modelVersionId=128078
https://civitai.com/models/674959
https://civitai.com/models/674959?modelVersionId=755546
https://civitai.com/models/1205129
https://civitai.com/models/1205129?modelVersionId=1357120
https://civitai.com/models/1070739
https://civitai.com/models/1070739?modelVersionId=1201891
https://civitai.com/models/119012
https://civitai.com/models/119012?modelVersionId=592322
https://civitai.com/models/277058
https://civitai.com/models/277058?modelVersionId=1346244
https://civitai.com/models/207101
https://civitai.com/models/207101?modelVersionId=450105

https://civitai.com/api/download/models/1389019
https://civitai.com/api/download/models/1355240
https://civitai.com/api/download/models/1418875
https://civitai.com/api/download/models/1294629
https://civitai.com/api/download/models/1202076
https://civitai.com/api/download/models/1368386
https://civitai.com/api/download/models/1368900
https://civitai.com/api/download/models/1291468
https://civitai.com/api/download/models/1119939
https://civitai.com/api/download/models/1418758
https://civitai.com/api/download/models/1227906
https://civitai.com/api/download/models/1178193
https://civitai.com/api/download/models/1151831
https://civitai.com/api/download/models/1352077
https://civitai.com/api/download/models/1225516
https://civitai.com/api/download/models/1178711
https://civitai.com/api/download/models/1180973
https://civitai.com/api/download/models/1166878
https://civitai.com/api/download/models/1053830
https://civitai.com/api/download/models/1410435
https://civitai.com/api/download/models/1283437
https://civitai.com/api/download/models/1255174
https://civitai.com/api/download/models/1367422
https://civitai.com/api/download/models/1082124
https://civitai.com/api/download/models/1101073
https://civitai.com/api/download/models/1111838
https://civitai.com/api/download/models/1161182
https://civitai.com/api/download/models/1039764
https://civitai.com/api/download/models/782002
https://civitai.com/api/download/models/259194
https://civitai.com/api/download/models/755546
https://civitai.com/api/download/models/1405120
https://civitai.com/api/download/models/1346244
https://civitai.com/api/download/models/592322
https://civitai.com/api/download/models/403131
https://civitai.com/api/download/models/463607
https://civitai.com/api/download/models/1094291
https://civitai.com/api/download/models/1041855
https://civitai.com/api/download/models/128078
https://civitai.com/api/download/models/1409753
https://civitai.com/api/download/models/1357120
https://civitai.com/api/download/models/488645
https://civitai.com/api/download/models/351306
https://civitai.com/api/download/models/475568
https://civitai.com/api/download/models/424334
https://civitai.com/api/download/models/450105
https://civitai.com/api/download/models/859287
https://civitai.com/api/download/models/776285
https://civitai.com/api/download/models/1190596
https://civitai.com/api/download/models/303526
https://civitai.com/api/download/models/920957
https://civitai.com/api/download/models/686204
https://civitai.com/api/download/models/389331
https://civitai.com/api/download/models/1308957
https://civitai.com/api/download/models/1388755
https://civitai.com/api/download/models/1201891
https://civitai.com/api/download/models/1198781
https://civitai.com/api/download/models/143906
https://civitai.com/api/download/models/134065
https://civitai.com/api/download/models/89927
https://civitai.com/api/download/models/6878
https://civitai.com/api/download/models/805914
https://civitai.com/api/download/models/589833
https://civitai.com/api/download/models/220703
https://civitai.com/api/download/models/62799
https://civitai.com/api/download/models/5581
https://civitai.com/api/download/models/41233
https://civitai.com/api/download/models/128046
https://civitai.com/api/download/models/420724
https://civitai.com/api/download/models/26354
https://civitai.com/api/download/models/43825
https://civitai.com/api/download/models/142125
https://civitai.com/api/download/models/90072
https://civitai.com/api/download/models/149292
https://civitai.com/api/download/models/247213
https://civitai.com/api/download/models/91001
https://civitai.com/api/download/models/44686
https://civitai.com/api/download/models/258593
https://civitai.com/api/download/models/310771
https://civitai.com/api/download/models/256209
https://civitai.com/api/download/models/270440
https://civitai.com/api/download/models/134361
https://civitai.com/api/download/models/624939
https://civitai.com/api/download/models/128713
https://civitai.com/api/download/models/98258
https://civitai.com/api/download/models/501240
https://civitai.com/api/download/models/5021
https://civitai.com/api/download/models/93208
https://civitai.com/api/download/models/56071
https://civitai.com/api/download/models/160989
https://civitai.com/api/download/models/425083
https://civitai.com/api/download/models/1261317
https://civitai.com/api/download/models/138458
https://civitai.com/api/download/models/299029
https://civitai.com/api/download/models/1422871
https://civitai.com/api/download/models/1223643
https://civitai.com/api/download/models/123960
https://civitai.com/api/download/models/91337
https://civitai.com/api/download/models/108667
https://civitai.com/api/download/models/141866
https://civitai.com/api/download/models/25198
https://civitai.com/api/download/models/113269
https://civitai.com/api/download/models/300972
https://civitai.com/api/download/models/132760
https://civitai.com/api/download/models/150938
https://civitai.com/api/download/models/671503
https://civitai.com/api/download/models/5038
https://civitai.com/api/download/models/179446
https://civitai.com/api/download/models/265285
https://civitai.com/api/download/models/161429
https://civitai.com/api/download/models/361779
https://civitai.com/api/download/models/5036
https://civitai.com/api/download/models/717122
https://civitai.com/api/download/models/48949
https://civitai.com/api/download/models/1356617
https://civitai.com/api/download/models/1177017
https://civitai.com/api/download/models/324619
https://civitai.com/api/download/models/1295881
https://civitai.com/api/download/models/1177000
https://civitai.com/api/download/models/938513
https://civitai.com/api/download/models/1346181
https://civitai.com/api/download/models/1177183
https://civitai.com/api/download/models/862763
https://civitai.com/api/download/models/580625
https://civitai.com/api/download/models/1349845
https://civitai.com/api/download/models/788376
https://civitai.com/api/download/models/1199750
https://civitai.com/api/download/models/833340
https://civitai.com/api/download/models/952743
https://civitai.com/api/download/models/290640
https://civitai.com/api/download/models/1146820
https://civitai.com/api/download/models/1161495
https://civitai.com/api/download/models/513252
https://civitai.com/api/download/models/966130
https://civitai.com/api/download/models/1383187
https://civitai.com/api/download/models/1236553
https://civitai.com/api/download/models/920368
https://civitai.com/api/download/models/973878
https://civitai.com/api/download/models/1204803
https://civitai.com/api/download/models/389670
https://civitai.com/api/download/models/324524
https://civitai.com/api/download/models/1404895
https://civitai.com/api/download/models/1116628
https://civitai.com/api/download/models/614228
https://civitai.com/api/download/models/1030750
https://civitai.com/api/download/models/980452
https://civitai.com/api/download/models/816062
https://civitai.com/api/download/models/868204
https://civitai.com/api/download/models/876564
https://civitai.com/api/download/models/828380
https://civitai.com/api/download/models/1366495
https://civitai.com/api/download/models/1150354
https://civitai.com/api/download/models/450146
https://civitai.com/api/download/models/992946
https://civitai.com/api/download/models/827692
https://civitai.com/api/download/models/1256295
https://civitai.com/api/download/models/712408
https://civitai.com/api/download/models/18295
https://civitai.com/api/download/models/272014
https://civitai.com/api/download/models/1463804
https://civitai.com/api/download/models/1413133
https://civitai.com/api/download/models/832320
https://civitai.com/api/download/models/1464711
https://civitai.com/api/download/models/1077585
https://civitai.com/api/download/models/1464711
https://civitai.com/api/download/models/1305584
https://civitai.com/api/download/models/1075694
https://civitai.com/api/download/models/817261
https://civitai.com/api/download/models/962170
https://civitai.com/api/download/models/715933
https://civitai.com/api/download/models/926965
https://civitai.com/api/download/models/938628
https://civitai.com/api/download/models/1099200
https://civitai.com/api/download/models/929239
https://civitai.com/api/download/models/1081768
https://civitai.com/api/download/models/1335110
https://civitai.com/api/download/models/1068780
https://civitai.com/api/download/models/1132906
https://civitai.com/api/download/models/1464711
https://civitai.com/api/download/models/1147588
https://civitai.com/api/download/models/1202045
https://civitai.com/api/download/models/1074235
https://civitai.com/api/download/models/1381392
https://civitai.com/api/download/models/1343680https://civitai.com/api/download/models/1454015?type=Model&format=SafeTensor&size=pruned&fp=fp16
https://civitai.com/api/download/models/541561
https://civitai.com/api/download/models/558377
https://civitai.com/api/download/models/1429555
https://civitai.com/api/download/models/353295
https://civitai.com/api/download/models/267036
https://civitai.com/api/download/models/534080
https://civitai.com/api/download/models/99714
https://civitai.com/api/download/models/69054
https://civitai.com/api/download/models/33983
https://civitai.com/api/download/models/50051
https://civitai.com/api/download/models/1024955
https://civitai.com/api/download/models/1436176
https://civitai.com/api/download/models/963454
https://civitai.com/api/download/models/935551https://civitai.com/api/download/models/1451512
https://civitai.com/api/download/models/1464617
https://civitai.com/api/download/models/1526420
https://civitai.com/api/download/models/1559118
https://civitai.com/api/download/models/1466706
https://civitai.com/api/download/models/1215918
https://civitai.com/api/download/models/1424904
https://civitai.com/api/download/models/1215918
https://civitai.com/api/download/models/1389215
https://civitai.com/api/download/models/1522905
https://civitai.com/api/download/models/849668
https://civitai.com/api/download/models/1586040
https://civitai.com/api/download/models/1485518
https://civitai.com/api/download/models/878315
https://civitai.com/api/download/models/1215918?type=Model&format=SafeTensor&size=full&fp=fp8
https://civitai.com/api/download/models/1379960
https://civitai.com/api/download/models/1240288
https://civitai.com/api/download/models/1617798
https://civitai.com/api/download/models/1596786
https://civitai.com/api/download/models/728486
https://civitai.com/api/download/models/1612720
https://civitai.com/api/download/models/1645671
https://civitai.com/api/download/models/1319871
https://civitai.com/api/download/models/1442202
https://civitai.com/api/download/models/1308180
https://civitai.com/api/download/models/1419384
https://civitai.com/api/download/models/1466679
https://civitai.com/api/download/models/1390669
https://civitai.com/api/download/models/1308053
https://civitai.com/api/download/models/678626
