https://civitai.com/models/232802/meg-griffin-family-guy-ponyxl-illustrious-sd15
https://civitai.com/models/74556/megamilk-or-meme-attire-shirt-and-pose-are-separate
https://civitai.com/models/72769/mega-milk
https://civitai.com/models/1167680/mega-milk-clothing-illustrious
https://civitai.com/models/411367/megamilk-concept
https://civitai.com/models/189169/skirt-lift-bottom-pov-or-goofy-ai
https://civitai.com/models/128128/skirt-lift-panties
https://civitai.com/models/260302/skirtlift
https://civitai.com/models/397736/skirt-lift-panties-xl
https://civitai.com/models/544749/skirt-lift-assisted-exposure-pony-and-illustrious
https://civitai.com/models/869935/skirt-lift-anime
https://civitai.com/models/895797/skirt-lift-both-views
https://civitai.com/models/737195/skirt-lift-concept-flux
https://civitai.com/models/188919/skirt-lift-back-view-by-h8edge
https://civitai.com/models/1155246/skirtliftfrombehindself
https://civitai.com/models/530778/skirtliftup
https://civitai.com/models/749133/skirt-lift-v1
https://civitai.com/models/1095937/lift-the-skirt-with-one-handcover-your-eyes-with-one-hand
https://civitai.com/models/366913/lift-her-skirt
https://civitai.com/models/59426/exibitionism-hero-public-exposure-coats-shirt-skirt-lift-hidden-vibrator-and-more
https://civitai.com/models/1173433/squatting-clothes-lift-concept
https://civitai.com/models/353429/wind-lift-no-panties
https://civitai.com/models/386531/lora-concept-or-lifting
https://civitai.com/models/264730/flashing-ass
https://civitai.com/models/953054/illpony
https://civitai.com/models/301132/windliftupskirt-lora-helper-try
https://civitai.com/models/314972/undersized-bra-concept-sdxl-lora-pony
https://civitai.com/models/1208183/undersized-bra-concept-sdxl-lora-illustrious
https://civitai.com/models/1010310/mikan-game
https://civitai.com/models/622324/breasts-peek
https://civitai.com/models/923522/extended-downblouse-concept
https://civitai.com/models/1140058/clairelamundnhaliz-evening-gown-pony-ill
https://civitai.com/models/669593/wanda-breaking-the-rules-the-fairly-oddparents
https://civitai.com/models/1115030/dani-spooky-milk-life-killedmyself
https://civitai.com/models/874773/yuriko-onee-san-by-darkness-yuma
https://civitai.com/models/926443/ntr-mix-or-illustrious-xl-or-noob-xl
https://civitai.com/models/452700/the-ntr-lora
https://civitai.com/models/196486/netorare-face-cheating-ntr-face
https://civitai.com/models/829837/ntrnetorare
https://civitai.com/models/31764/ntr-open-door-b
https://civitai.com/models/450702/ntr-penis-humiliation-concept-pdxl
https://civitai.com/models/1128424/ntrnetorare-video-letter-situation
https://civitai.com/models/1210236/1509-ntr
https://civitai.com/models/849309/netorare-face-ntr-cheating-pony
https://civitai.com/models/344782/ntrman-ponyxl-style-lora
https://civitai.com/models/613601/ntrman-ponyxl-style-dora
https://civitai.com/models/1156737/ntr-threesome-from-behind
https://civitai.com/models/694449/ntrman-artstyle-pony
https://civitai.com/models/629144/ntrman-artist-style-game-cg-version
https://civitai.com/models/1093680/ntrman-artstyle-illustrious
https://civitai.com/models/904463/ntrman-style-game-cg-illustrious-xl
https://civitai.com/models/1129794/arakureta-monotachi-arakure-hitozuma-nanpa-ntr-kaisui-yokujou-doujin-style-illustrious
https://civitai.com/models/958080/ntr-selected-styles
https://civitai.com/models/1201749/ntrman-art-style-illustrious
https://civitai.com/models/1202308/ntrman-alternate-art-style
https://civitai.com/models/339447/cuckntr-pov-pony-lora
https://civitai.com/models/1005891/flux-ntr
https://civitai.com/models/1025421/artelntrknight
https://civitai.com/models/1200260/natasha-ponyxl-ntrd-by-clumsiness
https://civitai.com/models/1094392/lisa-edelstein-flux
https://civitai.com/models/116286/lisa-edelstein
https://civitai.com/models/166331/lisa-edelstein
https://civitai.com/models/821048/lisa-edelstein
https://civitai.com/models/959085/lisa
https://civitai.com/models/526347/lisa-the-babysitter-dexters-laboratory-ponyil-2-il-versions
https://civitai.com/models/408336/miss-betty-pxl-15-the-daltons-by-leaf
https://civitai.com/models/438891/lou-pxl-15-the-daltons-by-leaf
https://civitai.com/models/1116414/arikantr
https://civitai.com/models/958080/ntr-selected-styles
https://civitai.com/models/30028/why-the-hell-are-you-here-teacher-style-artkoikoi
https://civitai.com/models/314531/kana-kojima-oror-why-the-hell-are-you-here-teacher
https://civitai.com/models/243097/hikari-hazakura-why-the-hell-are-you-here-teacher
https://civitai.com/models/314528/mayu-matsukaze-oror-why-the-hell-are-you-here-teacher
https://civitai.com/models/591685/kana-kojima-why-the-hell-are-you-here-teacher
https://civitai.com/models/243103/kana-kojima-why-the-hell-are-you-here-teacher
https://civitai.com/models/314529/chizuru-tachibana-oror-why-the-hell-are-you-here-teacher
https://civitai.com/models/243092/chizuru-tachibana-why-the-hell-are-you-here-teacher
https://civitai.com/models/591679/chizuru-tachibana-why-the-hell-are-you-here-teacher
https://civitai.com/models/243108/mayu-matsukaze-why-the-hell-are-you-here-teacher
https://civitai.com/models/591704/mayu-matsukaze-why-the-hell-are-you-here-teacher
https://civitai.com/models/659263/kana-kojima-or-why-the-hell-are-you-here-teacher
https://civitai.com/models/660261/chizuru-tachibana-or-why-the-hell-are-you-here-teacher
https://civitai.com/models/126905/tachibana-chizuru-why-the-hell-are-you-here-teacher
https://civitai.com/models/580816/why-wear-anything
https://civitai.com/models/246480/bra-lift
https://civitai.com/models/112193/bra-visible-through-clothes
https://civitai.com/models/151638/shelf-bra-or-lora
https://civitai.com/models/291749/bra-embellishments-enhancer-animaginexl-v3-and-pony
https://civitai.com/models/328209/bra-cups-sticking-out-or-goofy-ai
https://civitai.com/models/777602/bra-liftxlpony
https://civitai.com/models/143750/bralette-bra-or-goofy-ai
https://civitai.com/models/545107/bra-pull-clothing
https://civitai.com/models/953448/bra-undressingillpony
https://civitai.com/models/545106/bra-lift-concept
https://civitai.com/models/500915/sdxlandpony-bra-visible-through-clothes-see-through-bralines
https://civitai.com/models/188377/bra-under-tank-top
https://civitai.com/models/583961/bra-offering-concept-ponyxl
https://civitai.com/models/583499/bra-visible-through-clothes-clothing
https://civitai.com/models/195291/undersized-bra-outfitconcept-lora
https://civitai.com/models/314972/undersized-bra-concept-sdxl-lora-pony
https://civitai.com/models/1208183/undersized-bra-concept-sdxl-lora-illustrious
https://civitai.com/models/202327/undersized-clothes-shirtbrapantiespantsetc-or-concept
https://civitai.com/models/479250/0313-hollow-bra-underwear-set
https://civitai.com/models/156570/sports-bra-and-sports-underwear
https://civitai.com/models/178270/tight-top-with-underwire-bra
https://civitai.com/models/38192/blacked-underwear-clothing
https://civitai.com/models/12195/underwear-less
https://civitai.com/models/330237/tight-shirt-with-underwire-bra
https://civitai.com/models/154920/leather-belt-cuplesscrotchless-underwear
https://civitai.com/models/483865/dekabura-huge-bra
https://civitai.com/models/85198/elizabeth-liones-nanatsu-no-taizai
https://civitai.com/models/424195/elizabeth-liones-from-seven-deadly-sins
https://civitai.com/models/406433/elizabeth-liones-nanatsu-no-taizai
https://civitai.com/models/377814/young-elizabeth-liones
https://civitai.com/models/444760/elizabeth-liones-seven-deadly-sins
https://civitai.com/models/428760
https://civitai.com/models/57438
https://civitai.com/models/69989
https://civitai.com/models/510181?modelVersionId=567028
https://civitai.com/models/211609/boobsgames-style?modelVersionId=378830
https://civitai.com/models/161161/round-breasts-pony-and-15?modelVersionId=407574
https://civitai.com/models/481016/breast-size-slider-pony?modelVersionId=534952
https://civitai.com/models/169170/xl-outline-ponysdxlkohaku?modelVersionId=385007
https://civitai.com/models/8500/milking-machine?modelVersionId=710898
https://civitai.com/models/8500?modelVersionId=1293136
https://civitai.com/models/8500?modelVersionId=841335
https://civitai.com/models/8500?modelVersionId=710898
https://civitai.com/models/311073/krekkov-style?modelVersionId=404253
https://civitai.com/models/305206/thepit-style-ponyxl?modelVersionId=449028
https://civitai.com/models/4514/pure-eros-face?modelVersionId=5119
https://civitai.com/models/407381/arcane-style-and-characters-or-all-in-one-lora-or-jinx-vi-mel-caitlyn?modelVersionId=1211801
https://civitai.com/models/332136?modelVersionId=798469
https://civitai.com/models/139131?modelVersionId=1392677
https://civitai.com/models/453460/pov-mirror-fellatio?modelVersionId=504838
https://civitai.com/models/467872/wedgie
https://civitai.com/models/152599/wedgie
https://civitai.com/models/241879/shoulder-thong-wedgie
https://civitai.com/models/759244/wedgie
https://civitai.com/models/1192728/wedgie
https://civitai.com/models/610422/hanging-wedgie
https://civitai.com/models/697163/fullback-wedgie
https://civitai.com/models/704021/wedgies
https://civitai.com/models/55273/self-wedgie-pulled-by-self-concept
https://civitai.com/models/810242/wedgie
https://civitai.com/models/471380/wedgiexlpony
https://civitai.com/models/367084/fongletswedgiebyanotherponyxl
https://civitai.com/models/25068/fonglets-wedgie
https://civitai.com/models/384536/spanking-wedgie-or-bdsm-or-sdxl-pony
https://civitai.com/models/309982/self-wedgie-or-2-fap-concept-lora-or-ownwaifu
https://civitai.com/models/805901/chain-wedgie
https://civitai.com/models/1205540/il-wedgie
https://civitai.com/models/1214255/il-hanging-wedgie
https://civitai.com/models/582937/frontal-wedgiecameltoe-wedgie
https://civitai.com/models/1218960/ball-wedgie
https://civitai.com/models/862538/front-wedgie-fluxsdponysdxl
https://civitai.com/models/1010806/atomic-wedgie
https://civitai.com/models/221742/panty-bikini-wedgie-lift
https://civitai.com/models/70327/jk-pussy-wedgie
https://civitai.com/models/429204/ponyxl-self-wedgie-or-2-concept-lora-or-ownwaifu
https://civitai.com/models/1026932/pony-and-sdxl-concept-leotard-pull
https://civitai.com/models/789148/micro-bikinisdxlpony
https://civitai.com/models/742453/pussy-floss
https://civitai.com/models/231840/string-only-micro-bikini
https://civitai.com/models/797538/pussy-floss
https://civitai.com/models/549777/adjusting-panties-clothing
https://civitai.com/models/952651/best-plump-male-ass
https://civitai.com/models/544493/concept-or-pussy-stubble
https://civitai.com/models/60423/cut-out-dress
https://civitai.com/models/77247/amazing-cutout-dresses
https://civitai.com/models/517197/cutout-underwearxlpony
https://civitai.com/models/109699/cut-out-straps-dresses
https://civitai.com/models/816062/cutout-lingerie-pony-xl
https://civitai.com/models/246801/cutout-o-ring-dress
https://civitai.com/models/228697/cutout-dress
https://civitai.com/models/212179/cutouts-halter-body-suit-by-stable-yogi
https://civitai.com/models/549879/cutout-dress
https://civitai.com/models/1171944/cutout-breasts-latex-leotard
https://civitai.com/models/621211/cutout-swimsuit
https://civitai.com/models/1053948/cutout-panyhose
https://civitai.com/models/540187/010-cutout-top-and-pencil-skirt
https://civitai.com/models/544319/004-trim-cutout-dress
https://civitai.com/models/417840/bt-cut-out-cardigan
https://civitai.com/models/406358/cutout-dress
https://civitai.com/models/1155483/flux-cutout-bandage-maxi-dress
https://civitai.com/models/1111193/cutoutdungaree
https://civitai.com/models/424012/cutout-crop-toppants
https://civitai.com/models/166796/heart-shaped-ass-cutout-clothing-pantyhose-bodysuit-yoga-pants-black-shorts
https://civitai.com/models/16235/cat-lingerie-cat-cutout-panties-thighhighs
https://civitai.com/models/193809/nipple-cutout-concept-or-goofy-ai
https://civitai.com/models/26273/heart-cutout-swimsuit-mature-content
https://civitai.com/models/149164/ass-cutout-backless-panties-clothing
https://civitai.com/models/26901/jk-cut-out-triangle-bikini-top
https://civitai.com/models/431019/anus-cutout-ponyxl
https://civitai.com/models/258003/latex-cutout-dress
https://civitai.com/models/802450/ass-cutout-pantiesxlillpony
https://civitai.com/models/244561/nipple-cutout
https://civitai.com/models/195905/sexy-cutout-dress-by-stable-yogi
https://civitai.com/models/216173/underboob-cutout-dress-by-stable-yogi
https://civitai.com/models/212112/sexy-cutout-dress-2-by-stable-yogi
https://civitai.com/models/196141/heart-cutout-dress-by-stable-yogi
https://civitai.com/models/939857/bt-front-cut-out-dress
https://civitai.com/models/381644/bt-ladder-cut-out-shirt
https://civitai.com/models/820635/costumecutout-bodycon-request
https://civitai.com/models/423765/rectangle-cutout-leotard
https://civitai.com/models/383594/bt-ladder-cut-out-shirt-2
https://civitai.com/models/651897/bra-cutout-pony
https://civitai.com/models/1127496/pelvic-cutout
https://civitai.com/models/811287/costumecat-cutout-request
https://civitai.com/models/25336/keyhole-cleavage
https://civitai.com/models/271662/keyhole-turtleneck-or-lora
https://civitai.com/models/356680/keyholespysevenof9
https://civitai.com/models/25646/heart-keyhole-cleavage
https://civitai.com/models/959884/fail-peeping-key-hole-peeping-pony-xl-by-uoc
https://civitai.com/models/1126867/horizontal-keyhole-cutout
https://civitai.com/models/383658/lora-concept-or-xl-15-or-cat-keyhole-all-colors
https://civitai.com/models/1164255/flux-sheer-high-neck-dress
https://civitai.com/models/62699/sexy-attire-or-from-the-far-east
https://civitai.com/models/829536/marina-zig-and-sharko
https://civitai.com/models/1227602/haruka-tanaka-tari-tari
https://civitai.com/models/1153595/il-test-misa-tanakas-underwear-elf-all-stars-2-2
https://civitai.com/models/116566/bra-visible-through-white-shirt
https://civitai.com/models/111774/tang-xuan-cupids-chocolates
https://civitai.com/models/145815/front-hook
https://civitai.com/models/1219388/lucy-heartfilia-fairy-tail-ova-01-pink-tank-top-outfit
https://civitai.com/models/1006913/marina-zig-and-sharko
https://civitai.com/models/1117065/nada-kozue-fit-shichao-kozue-no-another-story
https://civitai.com/models/371189/ranko-honjou-hajimete-no-gal-sdxl-lora-pony-diffusion
https://civitai.com/models/901155/vynil-oc-saymanart-nsfwsfw-sdxl-lora-pony
https://civitai.com/models/610097/uehara-ayaka-dumbbell-nan-kilo-moteru-sdxl-lora-pony-diffusion
https://civitai.com/models/48536/cow-print-and-bikini
https://civitai.com/models/25461/cow-bikini-or-clothes
https://civitai.com/models/941046/cowgirl-position-from-behind-concept
https://civitai.com/models/51670/cow-girl-or-goblin-slayer
https://civitai.com/models/892432/cowgirl-view-from-behind-concept
https://civitai.com/models/532072/cow-girl-goblin-slayer-sdxl-lora-pony
https://civitai.com/models/707775/cowgirl-at-car
https://civitai.com/models/703637/cowgirl-sex-v1
https://civitai.com/models/244627/cow-girl-milk-party
https://civitai.com/models/929922/princess-peach-from-mario-and-luigi-brothership-style-ponyil
https://civitai.com/models/7913/slavekini-aka-slave-princess-leia-outfit-clothing-from-star-wars-15-pony-sdxl-il
https://civitai.com/models/432701/exploding-clothes-torn-clothes-for-ponyil
https://civitai.com/models/789461/adjusting-clothes
https://civitai.com/models/765482/adjusting-legwear
https://civitai.com/models/547599/adjusting-bra-clothing
https://civitai.com/models/156455/adjusting-hair-and-tie-in-mouth
https://civitai.com/models/689951/adjusting-skirt-concept-pony-xl-by-uoc
https://civitai.com/models/1055012/adjustinghair-and-oral
https://civitai.com/models/691965/adjusting-skirt
https://civitai.com/models/689958/adjusting-stocking-concept-pony-xl-by-uoc
https://civitai.com/models/179959/hdr-color-adjusting-slider
https://civitai.com/models/928636/tucking-hair-poses
https://civitai.com/models/837536/putting-on-hosiery
https://civitai.com/models/994456/dvd-dvd-dvd-dvd-dvd-concept
https://civitai.com/models/1095751/emily-house-chores
https://civitai.com/models/93524/adjusting-clothes
https://civitai.com/models/409528/adjusting-bra-animaginexl-v3-and-pony
https://civitai.com/models/631291/adjusting-swimsuit-concept
https://civitai.com/models/42781/pov-belly-grab-lora
https://civitai.com/models/46252/belly-dance-dress
https://civitai.com/models/121096/belly-inflation-cuminflation-overeating
https://civitai.com/models/215051/belly-dancer
https://civitai.com/models/113107/belly-chain
https://civitai.com/models/957896/modifier-belly-grab
https://civitai.com/models/937318/belly-dancer-harem-women
https://civitai.com/models/639941/belly-rolls-xl
https://civitai.com/models/297474/bt-flashing-belly
https://civitai.com/models/12972/big-belly
https://civitai.com/models/529178/lifting-against-wall-lauren-phillips-meme
https://civitai.com/models/386531/lora-concept-or-lifting
https://civitai.com/models/800776/lifting-shirt-with-mouth-sd15sdxl-or-olaz
https://civitai.com/models/829637/lifting-ass-fucking-blowjob-pony
https://civitai.com/models/966605/lifting-barbell-weights-pony-xl
https://civitai.com/models/1059068/flashing-huge-natural-breasts-lifting-shirt-for-flux
https://civitai.com/models/767090/lifting-sex-or-poses-or-concept
https://civitai.com/models/56568/electric-fan-lifting-clothes-concept
https://civitai.com/models/1007261/hdaliftingpelviccurtainxl-request
https://civitai.com/models/359741/bt-lifting-skirt
https://civitai.com/models/490843/face-humping-face-hug-lifting-facefuck
https://civitai.com/models/437606/ponyxl-lauren-phillips-lifting-alice-merchesi-meme-or-one-view-only-or-ownwaifu
https://civitai.com/models/191099/lauren-phillips-lifting-alice-merchesi-meme-or-ownwaifu
https://civitai.com/models/201183/tail-under-skirttail-lifting-skirttail-skirt-lift
https://civitai.com/models/523096/suspended-paizuri-lifting-titfuck
https://civitai.com/models/733638/posexl-view-chest-from-bottom-up
https://civitai.com/models/329913/flashing-tits-or-shirt-lift
https://civitai.com/models/1207099/lift-the-clothes-sdxl-and-sd15
https://civitai.com/models/725085/breast-lift-humiliation
https://civitai.com/models/718425/public-flashing-mardi-gras-shirt-lift-pose-for-flux
https://civitai.com/models/435399/bt-underboob-lift
https://civitai.com/models/145948/flashing-tits
https://civitai.com/models/327704/bt-flashing-bra
https://civitai.com/models/694461/suspended-congress-xl
https://civitai.com/models/737195/skirt-lift-concept-flux
https://civitai.com/models/551433/suspended-congress-concept
https://civitai.com/models/725725/mooning-upskirt-flashing-clothed-to-nude-for-flux
https://civitai.com/models/362840/pov-across-bed-bed-invitation-animaginexl-v3
https://civitai.com/models/970470/disgust-i-want-you-to-show-me-your-panties-with-a-disgusted-face-iyapan-concept
https://civitai.com/models/987388/sheer-clothes-pull-down-and-more
https://civitai.com/models/1197577/bear-hug
https://civitai.com/models/973567/breast-drop-concept
https://civitai.com/models/589634/oppai-challenge-concept
https://civitai.com/models/885634/flashing-tits
https://civitai.com/models/1009415/wiping-shirt-concept
https://civitai.com/models/944002/extreme-sick-fetishism-penis-through-bodypenis-come-out-of-mouthall-thourgh-for-noob
https://civitai.com/models/162251/full-nelson
https://civitai.com/models/100998/assup-flashing
https://civitai.com/models/18751/murkys-suspended-congress-carrying-sex-lora
https://civitai.com/models/922664/full-nelson-concept
https://civitai.com/models/145189/stripping-pole-between-breasts-or-olaz
https://civitai.com/models/862036/stripping-for-otk-spanking-or-pdxl
https://civitai.com/models/492493/bt-stripping-bra-both-breasts
https://civitai.com/models/931492/ripping-clothes
https://civitai.com/models/353884/removing-pantiesstripping
https://civitai.com/models/94231/undressing-another
https://civitai.com/models/71065/undressing-bra-or-siren-lora-011
https://civitai.com/models/64628/undressing-top-or-siren-lora-009
https://civitai.com/models/110871/undressing-panties
https://civitai.com/models/140118/conceptundressing
https://civitai.com/models/89412/undressing-shirt-lora
https://civitai.com/models/505266/undressing-sd1xlponyflux
https://civitai.com/models/611044/undressing-shirt-over-head-pony
https://civitai.com/models/242034/undressing-lora-sd15-and-sdxl10
https://civitai.com/models/545258/undressing-concept
https://civitai.com/models/410408/undressing-bra-animaginexl-v3-and-pony
https://civitai.com/models/600916/sdxlandpony-undressing
https://civitai.com/models/1166008/undressing-clothes-over-head
https://civitai.com/models/744828/undressing-stocking-pony
https://civitai.com/models/1246344/undressing-bra
https://civitai.com/models/733521/undressing-xl
https://civitai.com/models/265085/undressing-from-below-or-pose
https://civitai.com/models/989455/undressingskirt
https://civitai.com/models/265038/skirt-undressing
https://civitai.com/models/1078588/girl-on-top-undressing-nai-vpred-or-illustrious-or-pony
https://civitai.com/models/953448/bra-undressingillpony
https://civitai.com/models/181905/pose-undressing-pantyhose
https://civitai.com/models/752960/strip-poker-loser-undressing
https://civitai.com/models/980941/takingoffshirtbystableyogi
https://civitai.com/models/691162/panty-peel-v2
https://civitai.com/models/129131/pants-pull-or-concept
https://civitai.com/models/154064/panty-pull-pulled-by-self-concept
https://civitai.com/models/367084/fongletswedgiebyanotherponyxl
https://civitai.com/models/787234/3-girls-hentai-3-devushki-hentaj
https://civitai.com/models/674819/affol01
https://civitai.com/models/41340/ms-real-pants-down-lora
https://civitai.com/models/604771/teasing-cleavage-or-concept-lora
https://civitai.com/models/768223/panty-pullstanding-on-the-one-leg
https://civitai.com/models/490174/hidden-spycam-changing-room-xlpony
https://civitai.com/models/593159/top-off-ponyillustrioushunyuan
https://civitai.com/models/186963/mooning-by-stable-yogi
https://civitai.com/models/148956/army-passions
https://civitai.com/models/394918/hidden-spy-cam-changing-room
https://civitai.com/models/994456/dvd-dvd-dvd-dvd-dvd-concept
https://civitai.com/models/1219112/akane-jinrock-or-jinroku-artist-style-illustrious
https://civitai.com/models/50324/ms-real-lite-pants-down-front-lora
https://civitai.com/models/832482/backless-x-buttcracks
https://civitai.com/models/757205/nijihara-yayoi-boku-no-yayoi-san
https://civitai.com/models/1160186/sakura-hibiki-dumbbell-nan-kilo-moteru
https://civitai.com/models/320879/open-legs
https://civitai.com/models/391760/nursesdxlillpony
https://civitai.com/models/437057/girls-swimsuitxlpony
https://civitai.com/models/438752/mikoxlillustriouspony
https://civitai.com/models/445063/girls-clothesxlillpony
https://civitai.com/models/446653/jinbeiponyxl
https://civitai.com/models/467118/nipples-piercing
https://civitai.com/models/469659/enemapony
https://civitai.com/models/471396/anal-beadspony
https://civitai.com/models/471578/tentacles-clothespony
https://civitai.com/models/472477/panty-stainpony
https://civitai.com/models/474245/shortsxl
https://civitai.com/models/474884/nipples-chainsdxlpony
https://civitai.com/models/476691/cervixsd15xlillpony
https://civitai.com/models/486122/extrem-insertionxlillpony
https://civitai.com/models/488902/yuridouble-dildoillpony
https://civitai.com/models/492748/milkingpony
https://civitai.com/models/494847/thongxlpony
https://civitai.com/models/496004/crotchlesssdxlpony
https://civitai.com/models/510204/chastity-beltxlpony
https://civitai.com/models/512353/enemapony
https://civitai.com/models/518354/torn-clothesillpony
https://civitai.com/models/518530/anal-tail
https://civitai.com/models/519082/nipples-fuckpony
https://civitai.com/models/521046/tanline
https://civitai.com/models/527083/hotpantssdxlpony
https://civitai.com/models/530763/spread-pussy-under-clothes
https://civitai.com/models/532475/present-pantiesxlillpony
https://civitai.com/models/532569/panties-under-clothes
https://civitai.com/models/534430/vibrator-under-clothesillpony
https://civitai.com/models/534952/cameltoe
https://civitai.com/models/547475/pussy-weightsxlpony
https://civitai.com/models/554142/fellatio-and-masturbation
https://civitai.com/models/557544/double-insertionillpony
https://civitai.com/models/557562/breasts-open-bikinisdpony
https://civitai.com/models/560129/electric-vibrator
https://civitai.com/models/568528/warts-dildo
https://civitai.com/models/576831/clitoris-jewelryxlillpony
https://civitai.com/models/577378/garter-ringxlillpony
https://civitai.com/models/577544/pubic-hair-shavingillpony
https://civitai.com/models/582283/rope-scarsxlpony
https://civitai.com/models/583686/harnesssdxlpony
https://civitai.com/models/624513/licking-armpit
https://civitai.com/models/630699/grabbing-breasts
https://civitai.com/models/631876/ass-sumo-wrestling
https://civitai.com/models/633889/anilingusillpony
https://civitai.com/models/634022/nipples-condom
https://civitai.com/models/635142/bra-visible-through-clothes
https://civitai.com/models/644348/spanking-ass
https://civitai.com/models/670213/weighing-breastsxlpony
https://civitai.com/models/672586/breasts-on-face
https://civitai.com/models/679867/candle-tortureillpony
https://civitai.com/models/680453
https://civitai.com/models/688968/hairjob
https://civitai.com/models/738280/tentacles-needle
https://civitai.com/models/762575/cum-wiping
https://civitai.com/models/782699/smelling-masturbation
https://civitai.com/models/795621/oversized-shirtxlpony
https://civitai.com/models/838017/qos-bbc-blacker-tattospadexlpony
https://civitai.com/models/856482/selfieillustriouspony
https://civitai.com/models/868502/sex-from-behindillpony
https://civitai.com/models/889045/tongue-outouth-pointy
https://civitai.com/models/913320/deflorationillpony
https://civitai.com/models/953491/front-open-bra
https://civitai.com/models/965664/grabbing-own-breastsillpony
https://civitai.com/models/1071741/69-pov
https://civitai.com/models/1079267
https://civitai.com/models/1157304/reflection-ass
https://civitai.com/models/1157412/double-fingering
https://civitai.com/models/1194983/navel-fuck
https://civitai.com/models/1270268/tongue-insertion-cunnilingus
https://civitai.com/models/482827/double-penetration-lora-or-ponyxl-and-illustrious
https://civitai.com/models/494806/nipple-piercing-bulge-covered-nipple-piercing-lora-or-ponyxl-and-illustrious
https://civitai.com/models/498608/cheek-bulge-lora-or-ponyxl
https://civitai.com/models/498638/cooperative-paizuri-lora-or-ponyxl-and-illustrious
https://civitai.com/models/498684/bukkake-excessive-cum-cum-bubble-lora-or-ponyxl-and-illustrious
https://civitai.com/models/498928/2-dicks-1-mouth-double-barrel-blowjob-lora-or-ponyxl-and-illustrious
https://civitai.com/models/505476/panty-gag-panties-in-mouth-lora-or-ponyxl-and-illustrious
https://civitai.com/models/528797/heart-hands-on-breast-lora-or-ponyxl-and-illustrious
https://civitai.com/models/537711/penis-on-cheek-lora-or-ponyxl-and-illustrious
https://civitai.com/models/539225/after-paizuri-lora-or-ponyxl-and-illustrious
https://civitai.com/models/540928/breast-envy-lora-or-ponyxl
https://civitai.com/models/540969/armpit-sex-lora-or-ponyxl
https://civitai.com/models/542048/heart-shaped-areola-lora-or-ponyxl
https://civitai.com/models/543154/reverse-fellatio-lora-or-ponyxl-and-illustrious
https://civitai.com/models/549462/buttjob-lora-or-ponyxl-and-illustrious
https://civitai.com/models/549761/oktazes-hentai-pony-styles-collection
https://civitai.com/models/555140/double-anal-insertion-lora-or-ponyxl
https://civitai.com/models/633646/choke-hold-lora-or-ponyxl-and-illustrious
https://civitai.com/models/633683/prone-bone-position-lora-or-ponyxl-and-illustrious
https://civitai.com/models/634172/sitting-on-lap-or-ponyxl-and-illustrious
https://civitai.com/models/636208/against-glass-lora-tits-and-butt-or-ponyxl-and-illustrious
https://civitai.com/models/640320/game-and-sex-lora-or-ponyxl-and-illustrious
https://civitai.com/models/640987/bathing-together-lora-or-ponyxl-and-illustrious
https://civitai.com/models/645510/licking-lollipop-lora-or-ponyxl
https://civitai.com/models/1151616/hug-and-suck-lora-or-illustrious
https://civitai.com/models/1164253/before-and-during-pregnancy-lora-or-illustrious
https://civitai.com/models/1251734/assisted-sex-lora-or-illustrious
https://civitai.com/models/1253064/bitchsuit-lora-or-illustrious
https://civitai.com/models/1253079/impossible-fit-lora-or-illustrious
https://civitai.com/models/1253992/phone-during-sex-lora-or-illustrious
https://civitai.com/models/1255358/glory-wall-lora-or-illustrious
https://civitai.com/models/1265234/dildo-under-panties-lora-or-illustrious
https://civitai.com/models/1265248/foreskin-play-lora-or-illustrious
https://civitai.com/models/1265273/goblin-girl-lora-or-illustrious
https://civitai.com/models/1268082/puffy-nipples-lora-or-illustrious
https://civitai.com/models/1268095/inverted-nipples-lora-or-illustrious
https://civitai.com/models/867297/floral-nightgown-pony
https://civitai.com/models/891591/china-leotard-pony
https://civitai.com/models/748522/serafuku-leotard-pony
https://civitai.com/models/1021336/china-leotard-illustrious
https://civitai.com/models/1024365/floral-nightgown-illustrious
https://civitai.com/models/1033604/lace-leotard-illustrious
https://civitai.com/models/1035294/ribbed-leotards-illustrious
https://civitai.com/models/1056084/serafuku-leotard-illustrious
https://civitai.com/models/1049048/highcut-thong-leotard-illustrious
https://civitai.com/models/1076078/short-jumpsuit-illustrious
https://civitai.com/models/1106694/skeleton-leotard-illustrious
https://civitai.com/models/1143868/succubra-illustrious-formerly-hearts-sports-bra
https://civitai.com/models/1150824/pink-cover-girl-cosplay-illustrious-how-heavy-are-the-dumbbells-you-lift
https://civitai.com/models/1178584/denim-panties-illustrious
https://civitai.com/models/1259643/tube-dress-illustrious
https://civitai.com/models/1260217/pothole-tube-dress-illustrious
https://civitai.com/models/1263517/tube-unitard-romper-illustrious
https://civitai.com/models/967612/the-fable-satou-akira-satou-youko-misaki-ebina-kojima
https://civitai.com/models/971451/robot-on-the-road-mina-robot
https://civitai.com/models/980341/danmachi-v2-heith-velvet-freya-syr-horn-ryuu-aiz-tiona-tione
https://civitai.com/models/988308/paripikoumei-v1-eiko-koumei-kuon-kabe
https://civitai.com/models/993676/mezzo-fortea-kitev1-mikura-momoi-sawa
https://civitai.com/models/998652/kuse-style
https://civitai.com/models/1005736/tohai-v1-k
https://civitai.com/models/1021410/jigokuraku-v1
https://civitai.com/models/1026657/maidoll-v1-style
https://civitai.com/models/1032480/uzaki-chan-wants-to-hang-out
https://civitai.com/models/1032774/trillion-game-v1
https://civitai.com/models/1041324/nipplejob-v1
https://civitai.com/models/1051449/inuyashiki
https://civitai.com/models/1054063/cum-on-hands-cum-on-tissue
https://civitai.com/models/1054109/step-stoolsexv1
https://civitai.com/models/1059795/kawaii-no-wa-zurui-buta
https://civitai.com/models/1059837/2-dicks-1-mouthdouble-barrel-blowjob-3-dicks-1-mouth-triple-barrel-blowjob
https://civitai.com/models/1060393/ffmkiss-and-fellatio-v1
https://civitai.com/models/1063016/bell-hammer-backwards-body-drop
https://civitai.com/models/1063487/ffm-threesomecowgirl
https://civitai.com/models/1063627/danmachiv3
https://civitai.com/models/1066615/helicopter-sex
https://civitai.com/models/1066674/woman-on-top
https://civitai.com/models/1071343/dangling-sex-dangling-spitroast
https://civitai.com/models/1071401/man-on-top-missionary-position
https://civitai.com/models/1071426/3girls-1boy-standing-sex
https://civitai.com/models/1071490/group-blowjob-v1
https://civitai.com/models/1076185/cirenk-style-master-private-spa-therapy-street-fighter-chun-li
https://civitai.com/models/1076426/condom-on-mouth
https://civitai.com/models/1079633/mutual-masturbation-v1
https://civitai.com/models/1081502/nipplefuck-nipplejob-nipple-handejob
https://civitai.com/models/1081777/millstone-motion-pose
https://civitai.com/models/1081813/boat-like-posture-takarabune
https://civitai.com/models/1084486/ffm3psofa
https://civitai.com/models/1084772/ffm3p01-2girls-1boy-ffm-3p-felltio-sex
https://civitai.com/models/1088110/cock-slap
https://civitai.com/models/1091330/group-kiss
https://civitai.com/models/1099261/kneeling-fellatio
https://civitai.com/models/1099278/fellatio-from-side
https://civitai.com/models/1099330/dynamic-riding-position
https://civitai.com/models/1099532/triple-buttjob
https://civitai.com/models/1099614/peeing-on-penis
https://civitai.com/models/1105197/sitting-reverse-straddle
https://civitai.com/models/1105268/standing-lift-position
https://civitai.com/models/1105332/horizontal-lift-position
https://civitai.com/models/1105381/nipplelickinghandjob
https://civitai.com/models/1105487/ffm3p-nipples-licking
https://civitai.com/models/1116368/kotatsu-hide-pose
https://civitai.com/models/1116432/the-kotatsu-connection
https://civitai.com/models/1152995/cleaning-blowjob
https://civitai.com/models/1153240/fixed-angle-positions
https://civitai.com/models/1154563/ravishing-peony
https://civitai.com/models/1154845/hand-supported-chair-pose
https://civitai.com/models/1154869/lift-and-hold-embrace
https://civitai.com/models/1155042/standing-diamond-cunnilingus
https://civitai.com/models/1160645/kissing-penis
https://civitai.com/models/1161074/licking-testicles
https://civitai.com/models/1161612/triple-fellatio-sucking-testicles
https://civitai.com/models/1170310/girumasu
https://civitai.com/models/1170656/sleeping-together
https://civitai.com/models/1176307/remote-vibrator
https://civitai.com/models/1176481/anal-tail
https://civitai.com/models/1176565/slapping-with-breasts
https://civitai.com/models/1176670/fingering-female-ejaculation
https://civitai.com/models/1179218/standing-carry-position
https://civitai.com/models/1179347/blowjob-bar
https://civitai.com/models/1186040/hanger-changing-room
https://civitai.com/models/1186379/panty-shot-gap-panties-panties-to-the-side
https://civitai.com/models/1186531/hidden-camera-secret-photography
https://civitai.com/models/1192804/handjob-reach-around
https://civitai.com/models/1193195/stealthy-sex
https://civitai.com/models/1198597/medalist-ver1
https://civitai.com/models/1198795/two-stage-immediate-blowjob
https://civitai.com/models/1198936/phone-exposure-nsfw-mode-activated
https://civitai.com/models/1209411/view-from-below-doggystyle
https://civitai.com/models/1210338/semi-transparentman
https://civitai.com/models/1215248/forced-to-watch-ntr
https://civitai.com/models/1220614/boy-on-top-69
https://civitai.com/models/1232885/bukkake-massive-ejaculation
https://civitai.com/models/1232942/soapland-mat-play
https://civitai.com/models/1239099/kneejob
https://civitai.com/models/1240212/removing-bra-under-shirt
https://civitai.com/models/1240296/over-the-shoulder-perspective
https://civitai.com/models/1240416/horn-grab-hair-grab
https://civitai.com/models/1245970/better-paizuri-titsjob
https://civitai.com/models/1246150/pov-sex
https://civitai.com/models/1250167/wheelbarrow-pose
https://civitai.com/models/1250583/reverse-cowgirl-with-back-support
https://civitai.com/models/1257046/milf
https://civitai.com/models/1257498/amateur-pov-filming-prostitution
https://civitai.com/models/1257785/fellatio-penis-from-behind
https://civitai.com/models/1273545/double-nipple-suck-mutual-suck
https://civitai.com/models/526886/arsmjstyle-light
https://civitai.com/models/543704/arsmjstylepony-light
https://civitai.com/models/590427/world-of-green-mist-sd1-sdxl-pony-flux
https://civitai.com/models/627935/flux-xl
https://civitai.com/models/646411?modelVersionId=1249246
https://civitai.com/models/655340/sultrynoshi?modelVersionId=733178
https://civitai.com/models/663135/breast-size-slidersmall-breasts-flux?modelVersionId=932482
https://civitai.com/models/666557/choke-rough-sex
https://civitai.com/models/670378/eyes-high-definition
https://civitai.com/models/730734/virgin-report
https://civitai.com/models/778691/fluxmania
https://civitai.com/models/832683?modelVersionId=1244911
https://civitai.com/models/832858/anime-art
https://civitai.com/models/836721/see-through-transparent-clothing-lora-flux
https://civitai.com/models/871757/niji-anime
https://civitai.com/models/872388/cum-drip-anime
https://civitai.com/models/875228/cyborg-and-robot
https://civitai.com/models/875948/anus-hd-anime
https://civitai.com/models/879135/cameltoe-thicc-anime
https://civitai.com/models/892679/reverse-footjob-anime
https://civitai.com/models/935673/nipplediffusion-flux?modelVersionId=1047380
https://civitai.com/models/978314/ultrareal-fine-tune
https://civitai.com/models/1038470?modelVersionId=1164877
https://civitai.com/models/1050384/hyperbreasts-flux
https://civitai.com/models/1059050/flux-redux-style
https://civitai.com/models/1110780/fictional-model-vera-flux
https://civitai.com/models/1152246/landscapes
https://civitai.com/models/1157318/photorealistic-skin-no-plastic-flux
https://civitai.com/models/1163370/club-3-style
https://civitai.com/models/1173969/cock-on-face-ball-licking
https://civitai.com/models/1181519/pixelart-flux
https://civitai.com/models/1182077/bananass-banana-in-the-ass
https://civitai.com/models/1189031/doggy-pose-cumshot
https://civitai.com/models/1200242/realistic-amplifier-for-ultrareal-fine-tune
https://civitai.com/models/1209106/presenting-feet-in-pantyhose
https://civitai.com/models/1211353/daf-n-half-style
https://civitai.com/models/1211463/jay-marvel-style
https://civitai.com/models/1212467/fictional-model-julianne-flux
https://civitai.com/models/1216949/piss-drinkers
https://civitai.com/models/1229111/flat-anime-style-flux
https://civitai.com/models/1235360/fictional-model-sharron-flux
https://civitai.com/models/1239943/fictional-model-akiko-flux
https://civitai.com/models/1240792/cum-facial-flux
https://civitai.com/models/1264265/photographers
https://civitai.com/models/821127/hairy-armpits-female-flux
https://civitai.com/models/995295/armpit-hair-female
https://civitai.com/models/1083682/clothed-hairy-armpits
https://civitai.com/models/1174875/realistic-armpit-stubble-realistic-skin-flux-lora
https://civitai.com/models/59689/sexy-wrap-hip-one-piece-dress
https://civitai.com/models/87134/bhad-bhabie-or-trap-hip-pop
https://civitai.com/models/157034/hipporito-tar
https://civitai.com/models/158054/jav-big-hip-and-thick-leg-lora
https://civitai.com/models/179240/hippie-chicks
https://civitai.com/models/225454/ms-real-lite-wide-hips-lora
https://civitai.com/models/237838/feminine-tanline-tool-xl-explicit-ed
https://civitai.com/models/242339/feminine-tanline-tool-sd-version-60
https://civitai.com/models/280732/lora-concept-or-wide-hips-plump
https://civitai.com/models/290894/hipster-meg-family-guy
https://civitai.com/models/438114/feminine-identities-toonz
https://civitai.com/models/460159/big-ass-wide-hips
https://civitai.com/models/466316/soft-belly
https://civitai.com/models/494824/feminine-body-proportions-sliderenhancer-or-wider-hips-narrow-petite-shoulders-softer-hourglass-or-pear-body-shape
https://civitai.com/models/529190/amateur-bellies
https://civitai.com/models/536655/hip-vent-pony
https://civitai.com/models/609114/round-belly-xl
https://civitai.com/models/618024/chubby-cellulite-and-bbw-details-feminine-xl
https://civitai.com/models/652412/early-pregnancysmall-belly-ponyxl
https://civitai.com/models/703983/belly-button
https://civitai.com/models/744276/brainflux
https://civitai.com/models/789045/feminine-tanlines-explicit-edition-flux
https://civitai.com/models/803585/wide-wonderful-hips-pony-realism
https://civitai.com/models/839333/nature-hdr-lighting-contrasted
https://civitai.com/models/849195/hip-tattoo
https://civitai.com/models/850881/flux-pantybetweenlegs
https://civitai.com/models/866680/mons-pubis-or-pregnant-belly-fix
https://civitai.com/models/926120/pinching-belly-grab-concept
https://civitai.com/models/937258/on-belly
https://civitai.com/models/949931/hip-focus-pantificationpanty-tf-with-reference-image
https://civitai.com/models/976656/ponyillustrious-lying-on-stomach-lying-on-belly-from-behind-with-sex
https://civitai.com/models/977343/pinching-belly-fat-one-two-hands
https://civitai.com/models/1022395/hippie-beauties-flux
https://civitai.com/models/1036420/ssbbwbbw
https://civitai.com/models/1056782/nice-hips-milf
https://civitai.com/models/1085438/hipdipillxl
https://civitai.com/models/1192909/rhinestone-belly-chain-ponyillustrious
https://civitai.com/models/1205613/wide-hips-illustrious
https://civitai.com/models/1219144/hips-in-air-sex
https://civitai.com/models/1221888/fitbig-hips-soft
https://civitai.com/models/1255169/extended-upskirt-concept
https://civitai.com/models/1255169/extended-upskirt-concept?modelVersionId=1415096
https://civitai.com/models/1285223/face-down-ass-up-sex?modelVersionId=1450078
https://civitai.com/models/347531/debbie-grayson-invincible-ponydiffusionxlillustriousxl?modelVersionId=1465873
https://civitai.com/models/352258/joy-inside-out-ponydiffusion-xl
https://civitai.com/models/351421/atom-eve-invincible-ponydiffusionxl
https://civitai.com/models/349037/rio-morales-spider-man-across-the-spider-verse-ponydiffusionxl
https://civitai.com/models/354670/mavis-dracula-ponydiffusion-xl
https://civitai.com/models/1014839/violet-parr-incredibles-ponydiffusionxl-commission
https://civitai.com/models/913839/lady-tremaine-cinderella-film-1950-ponydiffusionxl
https://civitai.com/models/799947/cinderella-cinderella-film-1950-ponydiffusionxl
https://civitai.com/models/721418/lucy-wilde-despicable-me-ponydiffusionxl
https://civitai.com/models/641589/daphne-blake-scooby-doo-mystery-incorporated-ponydiffusionxl-commission
https://civitai.com/models/653052/velma-dinkley-scooby-doo-mystery-incorporated-ponydiffusionxl-commission
https://civitai.com/models/584867/shion-that-time-i-got-reincarnated-as-a-slime-ponydiffusionxl-commission
https://civitai.com/models/563453/amethyst-steven-universe-ponydiffusionxl-commission
https://civitai.com/models/385868/monster-girl-invincible-ponydiffusionxl
https://civitai.com/models/547509/rimuru-tempest-that-time-i-got-reincarnated-as-a-slime-ponydiffusionxl-commission
https://civitai.com/models/523825/pocahontas-1995-film-ponydiffusionxl
https://civitai.com/models/507774/jasmine-aladdin-1992-film-ponydiffusionxl
https://civitai.com/models/542239/marge-simpson-the-simpsons-ponydiffusionxl
https://civitai.com/models/489572/gwen-tennyson-ben-10-ponydiffusionxl
https://civitai.com/models/487661/lois-griffin-family-guy-ponydiffusionxl
https://civitai.com/models/474011/mulan-mulan-1998-film-ponydiffusionxl
https://civitai.com/models/474026/diane-foxington-the-bad-guys-ponydiffusionxl-commission
https://civitai.com/models/449482/angela-talking-tom-and-friends-ponydiffusionxl
https://civitai.com/models/438237/shikikagami-sanae-ladies-versus-butlers-ponydiffusionxl-commission
https://civitai.com/models/425295/goal-deponia-ponydiffusionxl
https://civitai.com/models/430662/ariel-the-little-mermaid-1989-film-ponydiffusionxl
https://civitai.com/models/416476/babs-brando-good-vibes-ponydiffusionxl-commission
https://civitai.com/models/421657/irma-lair-witch-ponydiffusionxl
https://civitai.com/models/405974/pacifica-northwest-gravity-falls-ponydiffusionxl
https://civitai.com/models/409316/ursula-the-little-mermaid-1989-film-ponydiffusionxl
https://civitai.com/models/400852/abby-park-turning-red-ponydiffusionxl-commission
https://civitai.com/models/399090/priya-mangal-turning-red-ponydiffusionxl-commission
https://civitai.com/models/392471/nani-pelekai-lilo-and-stitch-ponydiffusionxl
https://civitai.com/models/396019/jill-andersen-inside-out-ponydiffusionxl
https://civitai.com/models/396049/miriam-mendelsohn-turning-red-ponydiffusionxl-commission
https://civitai.com/models/389022/ming-lee-turning-red-ponydiffusionxl
https://civitai.com/models/388477/mei-lee-turning-red-ponydiffusionxl
https://civitai.com/models/387484/audrey-ramirez-atlantis-the-lost-empire-ponydiffusionxl
https://civitai.com/models/364803/beth-smith-rick-and-morty-ponydiffusionxl
https://civitai.com/models/364843/wendy-corduroy-gravity-falls-ponydiffusionxl
https://civitai.com/models/377907/disgust-inside-out-ponydiffusionxl
https://civitai.com/models/379459/sadness-inside-out-ponydiffusionxl
https://civitai.com/models/377061/jenny-wakeman-my-life-as-a-teenage-robot-ponydiffusionxl
https://civitai.com/models/376778/riley-andersen-inside-out-ponydiffusionxl
https://civitai.com/models/374339/helen-parr-incredibles-ponydiffusionxl
https://civitai.com/models/371062/gwen-stacy-spider-verse-ponydiffusionxl
https://civitai.com/models/367741/jane-porter-tarzan-1999-film-ponydiffusionxl
https://civitai.com/models/365781/vanellope-wreck-it-ralph-ponydiffusionxl
https://civitai.com/models/364894/uncle-fyodors-mother-prostokvashino-ponydiffusionxl
https://civitai.com/models/355368/smurfette-ponydiffusion-xl
https://civitai.com/models/360275/megara-hercules-1997-film-ponydiffusionxl
https://civitai.com/models/364785/bloom-winx-ponydiffusionxl
https://civitai.com/models/353766/flora-winx-ponydiffusion-xl
https://civitai.com/models/160456/micro-bikinistring-bikini
https://civitai.com/models/144464/rio-morales-spider-man-across-the-spider-verse
https://civitai.com/models/143929/gwen-stacy-spider-man-across-the-spider-verse
https://civitai.com/models/130159/debbie-grayson-invincible
https://civitai.com/models/180891/flat-colour-anime?modelVersionId=314058
https://civitai.com/models/364894?modelVersionId=407723
https://civitai.com/models/374339/helen-parr-incredibles-ponydiffusionxl?modelVersionId=418085
https://civitai.com/models/180891?modelVersionId=848421
https://civitai.com/models/180891?modelVersionId=838667
https://civitai.com/models/438890/family-guy-style-and-characters?modelVersionId=488893
https://civitai.com/models/438890?modelVersionId=1169288
https://civitai.com/models/630699/grabbing-breasts?modelVersionId=705069
https://civitai.com/models/630699?modelVersionId=705297
https://civitai.com/models/630699?modelVersionId=1389783
https://civitai.com/models/721418/lucy-wilde-despicable-me-ponydiffusionxl?modelVersionId=806676
https://civitai.com/models/897413/big-love?modelVersionId=1464711
https://civitai.com/models/897413?modelVersionId=1077585
https://civitai.com/models/897413?modelVersionId=1464711
https://civitai.com/models/1115264/subtle-styles
https://civitai.com/models/350450/sdxl-lightning-loras
https://civitai.com/models/1064836/xxx-ray
https://civitai.com/models/326320/real-cum-sdxl?modelVersionId=973977
https://civitai.com/models/1299558/nanaka-kotegawa-grand-blue-sdxl-lora-illustrious?modelVersionId=1466772
https://civitai.com/models/960774/solmeleon-or-illustriousxl?modelVersionId=1075694
https://civitai.com/models/863750/ayase-momo-dandadan-or-goofy-ai?modelVersionId=966492
https://civitai.com/models/462611/comic-book-page-style-anime-manga-western-comics-xl-f1d-pony-illustrious?modelVersionId=514793
https://civitai.com/models/462611?modelVersionId=841525
https://civitai.com/models/888235/vixons-animemanga-styles-gothic-retro-anime?modelVersionId=501154
https://civitai.com/models/376450/duchaiten-pony-xl-no-score?modelVersionId=817261
https://civitai.com/models/376450?modelVersionId=962170
https://civitai.com/models/314404/incursios-meme-diffusion-sdxl-pony
https://civitai.com/models/573152?modelVersionId=715933
https://civitai.com/models/573152?modelVersionId=926965
https://civitai.com/models/573152?modelVersionId=938628
https://civitai.com/models/573152?modelVersionId=1099200
https://civitai.com/models/573152/lustify-sdxl-nsfw-checkpoint
https://civitai.com/models/575395?modelVersionId=929239
https://civitai.com/models/575395/big-lust
https://civitai.com/models/827184/wai-nsfw-illustrious-sdxl
https://civitai.com/models/835578/pasanctuary-sdxl-illustriousxl
https://civitai.com/models/868661/spatterxl-illustriousxl-x-ponyxl
https://civitai.com/models/878687/morgymix-illustriousxl
https://civitai.com/models/897413/big-love
https://civitai.com/models/897413/big-love?modelVersionId=1147588
https://civitai.com/models/934492/madly-mix-ver-nightnoob
https://civitai.com/models/941345/hoseki-lustrousmix-illustriousxl
https://civitai.com/models/959490/holy-mix-illustriousxl-high-contrast-anime-checkpoint
https://civitai.com/models/1115264?modelVersionId=1253243
https://civitai.com/models/1115264?modelVersionId=1270050
https://civitai.com/models/1115264?modelVersionId=1283436
https://civitai.com/models/1115264?modelVersionId=1346092
https://civitai.com/models/1115264?modelVersionId=1371190
https://civitai.com/models/1115264?modelVersionId=1401335
https://civitai.com/models/1115264?modelVersionId=1404132
https://civitai.com/models/1115264?modelVersionId=1413784
https://civitai.com/models/1115264?modelVersionId=1426314
https://civitai.com/models/1115264?modelVersionId=1436135
https://civitai.com/models/832858/anime-art?modelVersionId=1376386
https://civitai.com/models/640247/mjanimefluxlorav3final?modelVersionId=837239
https://civitai.com/models/156996/realistic-eyes-flux-and-xl-lora-inpaint?modelVersionId=1001867
https://civitai.com/models/1059859/painterly-fantasy-by-chronoknight-flux-and-il?modelVersionId=1189379
https://civitai.com/models/527270/pull-down-pantyhose?modelVersionId=865873
https://civitai.com/models/703451/illustration-flux?modelVersionId=1319198
https://civitai.com/models/605185/spread-pussy-under-clothes?modelVersionId=822213
https://civitai.com/models/704545/flux-pawg?modelVersionId=1406096
https://civitai.com/models/969406/anime-style-flux1d?modelVersionId=1085432
https://civitai.com/models/666999/gothicpunk-style-ponyxl-flux-ilxl?modelVersionId=963075
https://civitai.com/models/418340/boku-no-hero-academia-anime-style-lora?modelVersionId=920875
https://civitai.com/models/960680/randommaxx-artistify?modelVersionId=1075587
https://civitai.com/models/714477/blowjob-deepthroat-flux?modelVersionId=810290
https://civitai.com/models/920816/defluxion?modelVersionId=1031076
https://civitai.com/models/678730/pov-blowjob-flux?modelVersionId=759748
https://civitai.com/models/425220/sexy-looking-back?modelVersionId=752589
https://civitai.com/models/458777/flux-pony-higokko-style?modelVersionId=821002
https://civitai.com/models/668554/flux-midjourney-anime?modelVersionId=748413
https://civitai.com/models/92979/fluxorsd15-ako-tamaki-and-you-thought-there-is-never-a-girl-online-or-netoge-no-yome-wa-onna-no-ko-janai-to-omotta-or?modelVersionId=787240
https://civitai.com/models/730199/cumherev1-flux-cum-lora-clothes-hair-non-facials?modelVersionId=816539
https://civitai.com/models/731864/double-penetration-missionary-dp-flux?modelVersionId=818407
https://civitai.com/models/523485/kikis-delivery-service-studio-ghibli-style?modelVersionId=732778
https://civitai.com/models/706762/disney-animated-style-lora-flux1-dev?modelVersionId=790552
https://civitai.com/models/657191/softserve-anime-flux?modelVersionId=735293
https://civitai.com/models/675167/pov-doggystyle-flux?modelVersionId=970256
https://civitai.com/models/834943/8bit16bit-gameboy-inspired-anime-pixel-style-by-chronoknight-flux?modelVersionId=934133
https://civitai.com/models/570685/chiaroscuro-fantasy-sdxl-pony-flux?modelVersionId=841595
https://civitai.com/models/351525/stellaris-characterrace-style-lora-fluxxlillustrous-xlpony?modelVersionId=1028132
https://civitai.com/models/652619/facial-cumshots-for-flux-photographic-and-anime?modelVersionId=730123
https://civitai.com/models/843587/see-through-school-uniform-for-flux?modelVersionId=943751
https://civitai.com/models/682811/pov-cowgirl-flux?modelVersionId=764239
https://civitai.com/models/780181/reverse-cowgirl-flux?modelVersionId=872940
https://civitai.com/models/703662/pov-cowgirl-anal-flux?modelVersionId=787124
https://civitai.com/models/1010241/neurocore-anime-luminal-genesis-by-chronoknight-flux?modelVersionId=1132392
https://civitai.com/models/881100/anime-styles-incase-expressiveh-alldisneyprincess-pony-for-flux-1-dev?modelVersionId=986307
https://civitai.com/models/847718/lactation-for-flux?modelVersionId=966232
https://civitai.com/models/906762/envy-flux-anime-backgrounds-01?modelVersionId=1014689
https://civitai.com/models/577827/cute-sdxl-pony-flux?modelVersionId=820305
https://civitai.com/models/976317/sexy-girls-lora-model?modelVersionId=1093468
https://civitai.com/models/930556/ultimate-cunnilingus-concept-universal-heterosexual-flux1-dev?modelVersionId=1041697
https://civitai.com/models/1048282/dildo-riding-flux?modelVersionId=1176213
https://civitai.com/models/720376/studio-ghibli-dev-flux-lora?modelVersionId=1242017
https://civitai.com/models/726732/realistic-people-photograph-flux
https://civitai.com/models/646411?modelVersionId=1385235
https://civitai.com/models/730373?modelVersionId=1387242
https://civitai.com/models/810000/new-fantasy-core-flux-pony-sdxl-ill?modelVersionId=1264088
https://civitai.com/models/832683?modelVersionId=1381392
https://civitai.com/models/832683/flux-pro-11-style-lora-extreme-detailer-for-flux-illustrious
https://civitai.com/models/847101?modelVersionId=1305680
https://civitai.com/models/847101?modelVersionId=1343680
https://civitai.com/models/911172/stunning-anime-landscape-flux?modelVersionId=1019683
https://civitai.com/models/934483/anime-inspired-art-or-flux-or-luci?modelVersionId=1046034
https://civitai.com/models/974693?modelVersionId=1291468
https://civitai.com/models/1035333/the-painted-realm-flux
https://civitai.com/models/1038470?modelVersionId=1380977
https://civitai.com/models/1066579?modelVersionId=1197135
https://civitai.com/models/1157318?modelVersionId=1301668
https://civitai.com/models/1157318?modelVersionId=1388246
https://civitai.com/models/1222526?modelVersionId=1377344
https://civitai.com/models/1252493?modelVersionId=1412010
https://civitai.com/models/1263181?modelVersionId=1424524
https://civitai.com/models/1270015?modelVersionId=1432614
https://civitai.com/models/681272/desi-espresso-lora-for-indian-south-asian-faces-flux-1d?modelVersionId=869250
https://civitai.com/models/35796/melanie-lynskey
https://civitai.com/models/132342/sex-with-two-women-and-one-man
https://civitai.com/models/159556/mamako-oosuki-do-you-love-your-mom-and-her-two-hit-multi-target-attacks-commission
https://civitai.com/models/188746/mamako-oosuki-do-you-love-your-mom-and-her-two-hit-multi-target-attacks
https://civitai.com/models/200097/pornmaster-bdsm-sex-restraint-machine
https://civitai.com/models/520548/lockheed-martin-f-22-raptor-xl-f1d?modelVersionId=1217284
https://civitai.com/models/534850/melanie-lynskey-irtiss
https://civitai.com/models/559955/do-you-love-your-mom-and-her-two-hit-multi-target-attacks-or-mamako-oosuki-pdxl
https://civitai.com/models/648917/operetta-dream-divas?modelVersionId=726008
https://civitai.com/models/649762/onoff-for-flux-onoff
https://civitai.com/models/681272/desi-espresso-lora-for-indian-south-asian-faces-flux-1d?modelVersionId=869250
https://civitai.com/models/687552/artistic-nudes-bw-gmr
https://civitai.com/models/697988/artistic-nudes-window-blinds-bw-gmr
https://civitai.com/models/698244/ultimate-realistic-breast-nipples-gmr
https://civitai.com/models/708532
https://civitai.com/models/708532?modelVersionId=792499
https://civitai.com/models/708532?modelVersionId=845514
https://civitai.com/models/708532?modelVersionId=1222545
https://civitai.com/models/711074/realistic-dark-areola-small-flux-d-gmr
https://civitai.com/models/720280/realistic-pussy-gmr
https://civitai.com/models/727974/realistic-ghost-areolas-gmr
https://civitai.com/models/728266/realistic-light-areolas-gmr
https://civitai.com/models/730817/thin-legs-skinny-ass-gmr
https://civitai.com/models/730817/thin-legs-skinny-ass-gmr?modelVersionId=817225
https://civitai.com/models/782939/realistic-adult-flux-10
https://civitai.com/models/1003677/cosmic-nebula?modelVersionId=1148906
https://civitai.com/models/1049645/bukkake-before-and-after-flux
https://civitai.com/models/1050308/joscheks-slightly-more-majestic-clouds?modelVersionId=1178528
https://civitai.com/models/1073619/elements-all-in-one-4-3072?modelVersionId=1205183
https://civitai.com/models/1149242/mochamocha708-stylefor-sky-and-landscape-background?modelVersionId=1292613
https://civitai.com/models/1167485/hassan-skinflux
https://civitai.com/models/1173078/mksmksfstd-style-for-night-and-sunset-background?modelVersionId=1319915
https://civitai.com/models/1209914/kelly-stables-flux-television-and-movie-actress
https://civitai.com/models/1221013/vividdreamland?modelVersionId=1375591
https://civitai.com/models/1231578/ancient-cities-in-the-sky-lora-flux
https://civitai.com/models/1238662/banishmentyokaibanish-style-for-sky-and-cityspace?modelVersionId=1395953
https://civitai.com/models/1240350/sci-fi-concept-art-landscapes-flux
https://civitai.com/models/1247575/mano-aloe-friday-night-funkinfnfholofunk-mod
https://civitai.com/models/1295180/folk-bathhouse-sd15-v2two-versions
https://civitai.com/models/1299667/wizards-machina
